2025-03-19T05:11:38.531+01:00 ERROR 3724 --- [main] o.h.metamodel.internal.MetadataContext   : HHH015007: Illegal argument on static metamodel field injection : org.hibernate.envers.DefaultRevisionEntity_#class_; expected type :  org.hibernate.metamodel.model.domain.internal.EntityTypeImpl; encountered type : jakarta.persistence.metamodel.MappedSuperclassType
2025-03-19T05:11:41.437+01:00 DEBUG 3724 --- [main] o.f.c.i.s.classpath.ClassPathScanner     : Scanning for classpath resources at 'classpath:db/callback' ...
2025-03-19T05:11:41.438+01:00 DEBUG 3724 --- [main] o.f.c.i.s.classpath.ClassPathScanner     : Determining location urls for classpath:db/callback using ClassLoader TomcatEmbeddedWebappClassLoader
  context: ROOT
  delegate: true
----------> Parent Classloader:
jdk.internal.loader.ClassLoaders$AppClassLoader@76ed5528
 ...
2025-03-19T05:11:41.438+01:00 DEBUG 3724 --- [main] o.f.c.i.s.classpath.ClassPathScanner     : Unable to resolve location classpath:db/callback.
2025-03-19T05:11:41.438+01:00 DEBUG 3724 --- [main] o.f.c.i.s.classpath.ClassPathScanner     : Scanning for classpath resources at 'classpath:db/callback' ...
2025-03-19T05:11:41.438+01:00 DEBUG 3724 --- [main] o.f.c.i.s.classpath.ClassPathScanner     : Determining location urls for classpath:db/callback using ClassLoader jdk.internal.loader.ClassLoaders$AppClassLoader@76ed5528 ...
2025-03-19T05:11:41.438+01:00 DEBUG 3724 --- [main] o.f.c.i.s.classpath.ClassPathScanner     : Unable to resolve location classpath:db/callback.
2025-03-19T05:11:41.441+01:00 DEBUG 3724 --- [main] o.f.c.i.s.classpath.ClassPathScanner     : Scanning for classpath resources at 'classpath:com/abelium/inatrace/db/migrations' ...
2025-03-19T05:11:41.441+01:00 DEBUG 3724 --- [main] o.f.c.i.s.classpath.ClassPathScanner     : Determining location urls for classpath:com/abelium/inatrace/db/migrations using ClassLoader jdk.internal.loader.ClassLoaders$AppClassLoader@76ed5528 ...
2025-03-19T05:11:41.441+01:00 DEBUG 3724 --- [main] o.f.c.i.s.classpath.ClassPathScanner     : Scanning URL: file:/C:/Projets/Javas/inatrace_backend/target/classes/com/abelium/inatrace/db/migrations
2025-03-19T05:11:41.442+01:00 DEBUG 3724 --- [main] i.s.c.FileSystemClassPathLocationScanner : Scanning starting at classpath root in filesystem: C:\Projets\Javas\inatrace_backend\target\classes\
2025-03-19T05:11:41.442+01:00 DEBUG 3724 --- [main] i.s.c.FileSystemClassPathLocationScanner : Scanning for resources in path: C:\Projets\Javas\inatrace_backend\target\classes\com\abelium\inatrace\db\migrations (com/abelium/inatrace/db/migrations)
2025-03-19T05:11:41.445+01:00 DEBUG 3724 --- [main] o.f.c.i.s.classpath.ClassPathScanner     : Found resource: com/abelium/inatrace/db/migrations/V2020_03_27_15_00__Prefill_Countries.class
2025-03-19T05:11:41.445+01:00 DEBUG 3724 --- [main] o.f.c.i.s.classpath.ClassPathScanner     : Found resource: com/abelium/inatrace/db/migrations/V2020_10_06_19_30__Update_Label_Content.class
2025-03-19T05:11:41.445+01:00 DEBUG 3724 --- [main] o.f.c.i.s.classpath.ClassPathScanner     : Found resource: com/abelium/inatrace/db/migrations/V2020_11_26_12_30__Update_Company_User_Role.class
2025-03-19T05:11:41.445+01:00 DEBUG 3724 --- [main] o.f.c.i.s.classpath.ClassPathScanner     : Found resource: com/abelium/inatrace/db/migrations/V2021_08_11_11_33__Prefill_FacilityTypes.class
2025-03-19T05:11:41.445+01:00 DEBUG 3724 --- [main] o.f.c.i.s.classpath.ClassPathScanner     : Found resource: com/abelium/inatrace/db/migrations/V2021_08_11_11_41__Prefill_MeasureUnitTypes.class
2025-03-19T05:11:41.446+01:00 DEBUG 3724 --- [main] o.f.c.i.s.classpath.ClassPathScanner     : Found resource: com/abelium/inatrace/db/migrations/V2021_10_12_10_01__Update_Product_Company$1.class
2025-03-19T05:11:41.446+01:00 DEBUG 3724 --- [main] o.f.c.i.s.classpath.ClassPathScanner     : Found resource: com/abelium/inatrace/db/migrations/V2021_10_12_10_01__Update_Product_Company.class
2025-03-19T05:11:41.446+01:00 DEBUG 3724 --- [main] o.f.c.i.s.classpath.ClassPathScanner     : Found resource: com/abelium/inatrace/db/migrations/V2021_10_21_14_33__Update_Facility_Translations.class
2025-03-19T05:11:41.446+01:00 DEBUG 3724 --- [main] o.f.c.i.s.classpath.ClassPathScanner     : Found resource: com/abelium/inatrace/db/migrations/V2021_10_24_17_22__Update_Semi_Product_Translations.class
2025-03-19T05:11:41.446+01:00 DEBUG 3724 --- [main] o.f.c.i.s.classpath.ClassPathScanner     : Found resource: com/abelium/inatrace/db/migrations/V2021_11_02_10_07__Update_Processing_Evidence_Field_Translations.class
2025-03-19T05:11:41.446+01:00 DEBUG 3724 --- [main] o.f.c.i.s.classpath.ClassPathScanner     : Found resource: com/abelium/inatrace/db/migrations/V2021_11_02_13_31__Update_Processing_Evidence_Type_Translations.class
2025-03-19T05:11:41.446+01:00 DEBUG 3724 --- [main] o.f.c.i.s.classpath.ClassPathScanner     : Found resource: com/abelium/inatrace/db/migrations/V2022_05_03_15_54__Update_Business_To_Customer_Settings.class
2025-03-19T05:11:41.446+01:00 DEBUG 3724 --- [main] o.f.c.i.s.classpath.ClassPathScanner     : Found resource: com/abelium/inatrace/db/migrations/V2022_05_05_09_15__Update_Business_To_Customer_Settings_Defaults.class
2025-03-19T05:11:41.446+01:00 DEBUG 3724 --- [main] o.f.c.i.s.classpath.ClassPathScanner     : Found resource: com/abelium/inatrace/db/migrations/V2022_05_17_08_51__Update_Business_To_Customer_Settings_Graphics_Defaults.class
2025-03-19T05:11:41.446+01:00 DEBUG 3724 --- [main] o.f.c.i.s.classpath.ClassPathScanner     : Found resource: com/abelium/inatrace/db/migrations/V2022_08_30_11_00__Update_Business_To_Customer_Settings_Add_Prod_Title_Color.class
2025-03-19T05:11:41.446+01:00 DEBUG 3724 --- [main] o.f.c.i.s.classpath.ClassPathScanner     : Found resource: com/abelium/inatrace/db/migrations/V2023_03_09_14_33__Update_Value_Chains_Add_Coffee_Product_Type.class
2025-03-19T05:11:41.446+01:00 DEBUG 3724 --- [main] o.f.c.i.s.classpath.ClassPathScanner     : Found resource: com/abelium/inatrace/db/migrations/V2023_04_12_14_00__Update_Product_Type_Translations.class
2025-03-19T05:11:41.446+01:00 DEBUG 3724 --- [main] o.f.c.i.s.classpath.ClassPathScanner     : Found resource: com/abelium/inatrace/db/migrations/V2023_04_17_11_00__Update_Product_Type_FieldName.class
2025-03-19T05:11:41.447+01:00 DEBUG 3724 --- [main] o.f.c.i.s.classpath.ClassPathScanner     : Found resource: com/abelium/inatrace/db/migrations/V2023_05_16_10_34__Migrate_repackedOutput_to_ProcActionOSM.class
2025-03-19T05:11:41.447+01:00 DEBUG 3724 --- [main] o.f.c.i.s.classpath.ClassPathScanner     : Found resource: com/abelium/inatrace/db/migrations/V2023_05_24_12_11__Rename__Role__ADMIN__into__SYSTEM_ADMIN.class
2025-03-19T05:11:41.447+01:00 DEBUG 3724 --- [main] o.f.c.i.s.classpath.ClassPathScanner     : Found resource: com/abelium/inatrace/db/migrations/V2023_05_24_17_09__Rename__CompanyUserRole__ADMIN__into__COMPANY_ADMIN.class
2025-03-19T05:11:41.447+01:00 DEBUG 3724 --- [main] o.f.c.i.s.classpath.ClassPathScanner     : Found resource: com/abelium/inatrace/db/migrations/V2023_05_24_17_26__Rename__CompanyUserRole__USER__into__COMPANY_USER.class
2025-03-19T05:11:41.447+01:00 DEBUG 3724 --- [main] o.f.c.i.s.classpath.ClassPathScanner     : Scanning for classes at classpath:com/abelium/inatrace/db/migrations
2025-03-19T05:11:41.453+01:00 DEBUG 3724 --- [main] o.f.c.i.s.classpath.ClassPathScanner     : Scanning for classpath resources at 'classpath:db/migrations' ...
2025-03-19T05:11:41.454+01:00 DEBUG 3724 --- [main] o.f.c.i.s.classpath.ClassPathScanner     : Determining location urls for classpath:db/migrations using ClassLoader jdk.internal.loader.ClassLoaders$AppClassLoader@76ed5528 ...
2025-03-19T05:11:41.454+01:00 DEBUG 3724 --- [main] o.f.c.i.s.classpath.ClassPathScanner     : Scanning URL: file:/C:/Projets/Javas/inatrace_backend/target/classes/db/migrations
2025-03-19T05:11:41.454+01:00 DEBUG 3724 --- [main] i.s.c.FileSystemClassPathLocationScanner : Scanning starting at classpath root in filesystem: C:\Projets\Javas\inatrace_backend\target\classes\
2025-03-19T05:11:41.454+01:00 DEBUG 3724 --- [main] i.s.c.FileSystemClassPathLocationScanner : Scanning for resources in path: C:\Projets\Javas\inatrace_backend\target\classes\db\migrations (db/migrations)
2025-03-19T05:11:41.454+01:00 DEBUG 3724 --- [main] o.f.c.i.s.classpath.ClassPathScanner     : Found resource: db/migrations/V2025_02_27_10_00__Alter_User_translation.sql
2025-03-19T05:11:41.454+01:00 DEBUG 3724 --- [main] o.f.c.i.s.classpath.ClassPathScanner     : Scanning for classes at classpath:db/migrations
2025-03-19T05:11:41.457+01:00 DEBUG 3724 --- [main] o.f.core.internal.scanner.Scanner        : Filtering out resource: com/abelium/inatrace/db/migrations/V2021_10_12_10_01__Update_Product_Company.class (filename: V2021_10_12_10_01__Update_Product_Company.class)
2025-03-19T05:11:41.458+01:00 DEBUG 3724 --- [main] o.f.core.internal.scanner.Scanner        : Filtering out resource: com/abelium/inatrace/db/migrations/V2021_08_11_11_33__Prefill_FacilityTypes.class (filename: V2021_08_11_11_33__Prefill_FacilityTypes.class)
2025-03-19T05:11:41.458+01:00 DEBUG 3724 --- [main] o.f.core.internal.scanner.Scanner        : Filtering out resource: com/abelium/inatrace/db/migrations/V2020_11_26_12_30__Update_Company_User_Role.class (filename: V2020_11_26_12_30__Update_Company_User_Role.class)
2025-03-19T05:11:41.458+01:00 DEBUG 3724 --- [main] o.f.core.internal.scanner.Scanner        : Filtering out resource: com/abelium/inatrace/db/migrations/V2021_10_12_10_01__Update_Product_Company$1.class (filename: V2021_10_12_10_01__Update_Product_Company$1.class)
2025-03-19T05:11:41.458+01:00 DEBUG 3724 --- [main] o.f.core.internal.scanner.Scanner        : Filtering out resource: com/abelium/inatrace/db/migrations/V2023_04_17_11_00__Update_Product_Type_FieldName.class (filename: V2023_04_17_11_00__Update_Product_Type_FieldName.class)
2025-03-19T05:11:41.458+01:00 DEBUG 3724 --- [main] o.f.core.internal.scanner.Scanner        : Filtering out resource: com/abelium/inatrace/db/migrations/V2023_03_09_14_33__Update_Value_Chains_Add_Coffee_Product_Type.class (filename: V2023_03_09_14_33__Update_Value_Chains_Add_Coffee_Product_Type.class)
2025-03-19T05:11:41.458+01:00 DEBUG 3724 --- [main] o.f.core.internal.scanner.Scanner        : Filtering out resource: com/abelium/inatrace/db/migrations/V2023_04_12_14_00__Update_Product_Type_Translations.class (filename: V2023_04_12_14_00__Update_Product_Type_Translations.class)
2025-03-19T05:11:41.458+01:00 DEBUG 3724 --- [main] o.f.core.internal.scanner.Scanner        : Filtering out resource: com/abelium/inatrace/db/migrations/V2023_05_24_12_11__Rename__Role__ADMIN__into__SYSTEM_ADMIN.class (filename: V2023_05_24_12_11__Rename__Role__ADMIN__into__SYSTEM_ADMIN.class)
2025-03-19T05:11:41.458+01:00 DEBUG 3724 --- [main] o.f.core.internal.scanner.Scanner        : Filtering out resource: com/abelium/inatrace/db/migrations/V2023_05_24_17_26__Rename__CompanyUserRole__USER__into__COMPANY_USER.class (filename: V2023_05_24_17_26__Rename__CompanyUserRole__USER__into__COMPANY_USER.class)
2025-03-19T05:11:41.458+01:00 DEBUG 3724 --- [main] o.f.core.internal.scanner.Scanner        : Filtering out resource: com/abelium/inatrace/db/migrations/V2021_08_11_11_41__Prefill_MeasureUnitTypes.class (filename: V2021_08_11_11_41__Prefill_MeasureUnitTypes.class)
2025-03-19T05:11:41.458+01:00 DEBUG 3724 --- [main] o.f.core.internal.scanner.Scanner        : Filtering out resource: com/abelium/inatrace/db/migrations/V2020_03_27_15_00__Prefill_Countries.class (filename: V2020_03_27_15_00__Prefill_Countries.class)
2025-03-19T05:11:41.458+01:00 DEBUG 3724 --- [main] o.f.core.internal.scanner.Scanner        : Filtering out resource: com/abelium/inatrace/db/migrations/V2021_10_24_17_22__Update_Semi_Product_Translations.class (filename: V2021_10_24_17_22__Update_Semi_Product_Translations.class)
2025-03-19T05:11:41.458+01:00 DEBUG 3724 --- [main] o.f.core.internal.scanner.Scanner        : Filtering out resource: com/abelium/inatrace/db/migrations/V2022_08_30_11_00__Update_Business_To_Customer_Settings_Add_Prod_Title_Color.class (filename: V2022_08_30_11_00__Update_Business_To_Customer_Settings_Add_Prod_Title_Color.class)
2025-03-19T05:11:41.458+01:00 DEBUG 3724 --- [main] o.f.core.internal.scanner.Scanner        : Filtering out resource: com/abelium/inatrace/db/migrations/V2022_05_05_09_15__Update_Business_To_Customer_Settings_Defaults.class (filename: V2022_05_05_09_15__Update_Business_To_Customer_Settings_Defaults.class)
2025-03-19T05:11:41.458+01:00 DEBUG 3724 --- [main] o.f.core.internal.scanner.Scanner        : Filtering out resource: com/abelium/inatrace/db/migrations/V2023_05_24_17_09__Rename__CompanyUserRole__ADMIN__into__COMPANY_ADMIN.class (filename: V2023_05_24_17_09__Rename__CompanyUserRole__ADMIN__into__COMPANY_ADMIN.class)
2025-03-19T05:11:41.458+01:00 DEBUG 3724 --- [main] o.f.core.internal.scanner.Scanner        : Filtering out resource: com/abelium/inatrace/db/migrations/V2021_11_02_13_31__Update_Processing_Evidence_Type_Translations.class (filename: V2021_11_02_13_31__Update_Processing_Evidence_Type_Translations.class)
2025-03-19T05:11:41.458+01:00 DEBUG 3724 --- [main] o.f.core.internal.scanner.Scanner        : Filtering out resource: com/abelium/inatrace/db/migrations/V2022_05_03_15_54__Update_Business_To_Customer_Settings.class (filename: V2022_05_03_15_54__Update_Business_To_Customer_Settings.class)
2025-03-19T05:11:41.459+01:00 DEBUG 3724 --- [main] o.f.core.internal.scanner.Scanner        : Filtering out resource: com/abelium/inatrace/db/migrations/V2021_10_21_14_33__Update_Facility_Translations.class (filename: V2021_10_21_14_33__Update_Facility_Translations.class)
2025-03-19T05:11:41.459+01:00 DEBUG 3724 --- [main] o.f.core.internal.scanner.Scanner        : Filtering out resource: com/abelium/inatrace/db/migrations/V2020_10_06_19_30__Update_Label_Content.class (filename: V2020_10_06_19_30__Update_Label_Content.class)
2025-03-19T05:11:41.459+01:00 DEBUG 3724 --- [main] o.f.core.internal.scanner.Scanner        : Filtering out resource: com/abelium/inatrace/db/migrations/V2021_11_02_10_07__Update_Processing_Evidence_Field_Translations.class (filename: V2021_11_02_10_07__Update_Processing_Evidence_Field_Translations.class)
2025-03-19T05:11:41.459+01:00 DEBUG 3724 --- [main] o.f.core.internal.scanner.Scanner        : Filtering out resource: com/abelium/inatrace/db/migrations/V2022_05_17_08_51__Update_Business_To_Customer_Settings_Graphics_Defaults.class (filename: V2022_05_17_08_51__Update_Business_To_Customer_Settings_Graphics_Defaults.class)
2025-03-19T05:11:41.459+01:00 DEBUG 3724 --- [main] o.f.core.internal.scanner.Scanner        : Filtering out resource: com/abelium/inatrace/db/migrations/V2023_05_16_10_34__Migrate_repackedOutput_to_ProcActionOSM.class (filename: V2023_05_16_10_34__Migrate_repackedOutput_to_ProcActionOSM.class)
2025-03-19T05:11:41.459+01:00 DEBUG 3724 --- [main] o.f.c.i.resource.ResourceNameValidator   : Validating V2025_02_27_10_00__Alter_User_translation.sql
2025-03-19T05:11:41.480+01:00  INFO 3724 --- [main] org.flywaydb.core.FlywayExecutor         : Database: jdbc:mysql://localhost:3308/ccq_db (MySQL 8.0)
2025-03-19T05:11:41.480+01:00 DEBUG 3724 --- [main] org.flywaydb.core.FlywayExecutor         : Driver: MySQL Connector/J mysql-connector-j-8.3.0 (Revision: 805f872a57875f311cb82487efcfb070411a3fa0)
2025-03-19T05:11:41.480+01:00 DEBUG 3724 --- [main] org.flywaydb.core.FlywayExecutor         : DDL Transactions Supported: false
2025-03-19T05:11:41.481+01:00 DEBUG 3724 --- [main] o.f.c.i.s.SchemaHistoryFactory           : Schemas: 
2025-03-19T05:11:41.481+01:00 DEBUG 3724 --- [main] o.f.c.i.s.SchemaHistoryFactory           : Default schema: null
2025-03-19T05:11:41.488+01:00 DEBUG 3724 --- [main] o.f.c.i.c.SqlScriptCallbackFactory       : Scanning for SQL callbacks ...
2025-03-19T05:11:41.488+01:00 DEBUG 3724 --- [main] o.f.core.internal.scanner.Scanner        : Filtering out resource: com/abelium/inatrace/db/migrations/V2021_10_12_10_01__Update_Product_Company.class (filename: V2021_10_12_10_01__Update_Product_Company.class)
2025-03-19T05:11:41.488+01:00 DEBUG 3724 --- [main] o.f.core.internal.scanner.Scanner        : Filtering out resource: com/abelium/inatrace/db/migrations/V2021_08_11_11_33__Prefill_FacilityTypes.class (filename: V2021_08_11_11_33__Prefill_FacilityTypes.class)
2025-03-19T05:11:41.488+01:00 DEBUG 3724 --- [main] o.f.core.internal.scanner.Scanner        : Filtering out resource: com/abelium/inatrace/db/migrations/V2020_11_26_12_30__Update_Company_User_Role.class (filename: V2020_11_26_12_30__Update_Company_User_Role.class)
2025-03-19T05:11:41.488+01:00 DEBUG 3724 --- [main] o.f.core.internal.scanner.Scanner        : Filtering out resource: com/abelium/inatrace/db/migrations/V2021_10_12_10_01__Update_Product_Company$1.class (filename: V2021_10_12_10_01__Update_Product_Company$1.class)
2025-03-19T05:11:41.488+01:00 DEBUG 3724 --- [main] o.f.core.internal.scanner.Scanner        : Filtering out resource: com/abelium/inatrace/db/migrations/V2023_04_17_11_00__Update_Product_Type_FieldName.class (filename: V2023_04_17_11_00__Update_Product_Type_FieldName.class)
2025-03-19T05:11:41.488+01:00 DEBUG 3724 --- [main] o.f.core.internal.scanner.Scanner        : Filtering out resource: com/abelium/inatrace/db/migrations/V2023_03_09_14_33__Update_Value_Chains_Add_Coffee_Product_Type.class (filename: V2023_03_09_14_33__Update_Value_Chains_Add_Coffee_Product_Type.class)
2025-03-19T05:11:41.488+01:00 DEBUG 3724 --- [main] o.f.core.internal.scanner.Scanner        : Filtering out resource: com/abelium/inatrace/db/migrations/V2023_04_12_14_00__Update_Product_Type_Translations.class (filename: V2023_04_12_14_00__Update_Product_Type_Translations.class)
2025-03-19T05:11:41.489+01:00 DEBUG 3724 --- [main] o.f.core.internal.scanner.Scanner        : Filtering out resource: com/abelium/inatrace/db/migrations/V2023_05_24_12_11__Rename__Role__ADMIN__into__SYSTEM_ADMIN.class (filename: V2023_05_24_12_11__Rename__Role__ADMIN__into__SYSTEM_ADMIN.class)
2025-03-19T05:11:41.489+01:00 DEBUG 3724 --- [main] o.f.core.internal.scanner.Scanner        : Filtering out resource: com/abelium/inatrace/db/migrations/V2023_05_24_17_26__Rename__CompanyUserRole__USER__into__COMPANY_USER.class (filename: V2023_05_24_17_26__Rename__CompanyUserRole__USER__into__COMPANY_USER.class)
2025-03-19T05:11:41.489+01:00 DEBUG 3724 --- [main] o.f.core.internal.scanner.Scanner        : Filtering out resource: com/abelium/inatrace/db/migrations/V2021_08_11_11_41__Prefill_MeasureUnitTypes.class (filename: V2021_08_11_11_41__Prefill_MeasureUnitTypes.class)
2025-03-19T05:11:41.489+01:00 DEBUG 3724 --- [main] o.f.core.internal.scanner.Scanner        : Filtering out resource: com/abelium/inatrace/db/migrations/V2020_03_27_15_00__Prefill_Countries.class (filename: V2020_03_27_15_00__Prefill_Countries.class)
2025-03-19T05:11:41.489+01:00 DEBUG 3724 --- [main] o.f.core.internal.scanner.Scanner        : Filtering out resource: com/abelium/inatrace/db/migrations/V2021_10_24_17_22__Update_Semi_Product_Translations.class (filename: V2021_10_24_17_22__Update_Semi_Product_Translations.class)
2025-03-19T05:11:41.489+01:00 DEBUG 3724 --- [main] o.f.core.internal.scanner.Scanner        : Filtering out resource: com/abelium/inatrace/db/migrations/V2022_08_30_11_00__Update_Business_To_Customer_Settings_Add_Prod_Title_Color.class (filename: V2022_08_30_11_00__Update_Business_To_Customer_Settings_Add_Prod_Title_Color.class)
2025-03-19T05:11:41.489+01:00 DEBUG 3724 --- [main] o.f.core.internal.scanner.Scanner        : Filtering out resource: com/abelium/inatrace/db/migrations/V2022_05_05_09_15__Update_Business_To_Customer_Settings_Defaults.class (filename: V2022_05_05_09_15__Update_Business_To_Customer_Settings_Defaults.class)
2025-03-19T05:11:41.489+01:00 DEBUG 3724 --- [main] o.f.core.internal.scanner.Scanner        : Filtering out resource: com/abelium/inatrace/db/migrations/V2023_05_24_17_09__Rename__CompanyUserRole__ADMIN__into__COMPANY_ADMIN.class (filename: V2023_05_24_17_09__Rename__CompanyUserRole__ADMIN__into__COMPANY_ADMIN.class)
2025-03-19T05:11:41.489+01:00 DEBUG 3724 --- [main] o.f.core.internal.scanner.Scanner        : Filtering out resource: com/abelium/inatrace/db/migrations/V2021_11_02_13_31__Update_Processing_Evidence_Type_Translations.class (filename: V2021_11_02_13_31__Update_Processing_Evidence_Type_Translations.class)
2025-03-19T05:11:41.489+01:00 DEBUG 3724 --- [main] o.f.core.internal.scanner.Scanner        : Filtering out resource: com/abelium/inatrace/db/migrations/V2022_05_03_15_54__Update_Business_To_Customer_Settings.class (filename: V2022_05_03_15_54__Update_Business_To_Customer_Settings.class)
2025-03-19T05:11:41.489+01:00 DEBUG 3724 --- [main] o.f.core.internal.scanner.Scanner        : Filtering out resource: com/abelium/inatrace/db/migrations/V2021_10_21_14_33__Update_Facility_Translations.class (filename: V2021_10_21_14_33__Update_Facility_Translations.class)
2025-03-19T05:11:41.489+01:00 DEBUG 3724 --- [main] o.f.core.internal.scanner.Scanner        : Filtering out resource: com/abelium/inatrace/db/migrations/V2020_10_06_19_30__Update_Label_Content.class (filename: V2020_10_06_19_30__Update_Label_Content.class)
2025-03-19T05:11:41.489+01:00 DEBUG 3724 --- [main] o.f.core.internal.scanner.Scanner        : Filtering out resource: com/abelium/inatrace/db/migrations/V2021_11_02_10_07__Update_Processing_Evidence_Field_Translations.class (filename: V2021_11_02_10_07__Update_Processing_Evidence_Field_Translations.class)
2025-03-19T05:11:41.489+01:00 DEBUG 3724 --- [main] o.f.core.internal.scanner.Scanner        : Filtering out resource: com/abelium/inatrace/db/migrations/V2022_05_17_08_51__Update_Business_To_Customer_Settings_Graphics_Defaults.class (filename: V2022_05_17_08_51__Update_Business_To_Customer_Settings_Graphics_Defaults.class)
2025-03-19T05:11:41.489+01:00 DEBUG 3724 --- [main] o.f.core.internal.scanner.Scanner        : Filtering out resource: com/abelium/inatrace/db/migrations/V2023_05_16_10_34__Migrate_repackedOutput_to_ProcActionOSM.class (filename: V2023_05_16_10_34__Migrate_repackedOutput_to_ProcActionOSM.class)
2025-03-19T05:11:41.495+01:00 DEBUG 3724 --- [main] o.f.core.internal.command.DbSchemas      : Skipping creation of existing schema: `ccq_db`
2025-03-19T05:11:41.504+01:00 DEBUG 3724 --- [main] o.f.c.a.c.ClassicConfiguration           : CherryPickConfigurationExtension not found
2025-03-19T05:11:41.504+01:00 DEBUG 3724 --- [main] o.f.core.internal.scanner.Scanner        : Filtering out resource: com/abelium/inatrace/db/migrations/V2021_10_12_10_01__Update_Product_Company.class (filename: V2021_10_12_10_01__Update_Product_Company.class)
2025-03-19T05:11:41.504+01:00 DEBUG 3724 --- [main] o.f.core.internal.scanner.Scanner        : Filtering out resource: com/abelium/inatrace/db/migrations/V2021_08_11_11_33__Prefill_FacilityTypes.class (filename: V2021_08_11_11_33__Prefill_FacilityTypes.class)
2025-03-19T05:11:41.504+01:00 DEBUG 3724 --- [main] o.f.core.internal.scanner.Scanner        : Filtering out resource: com/abelium/inatrace/db/migrations/V2020_11_26_12_30__Update_Company_User_Role.class (filename: V2020_11_26_12_30__Update_Company_User_Role.class)
2025-03-19T05:11:41.504+01:00 DEBUG 3724 --- [main] o.f.core.internal.scanner.Scanner        : Filtering out resource: com/abelium/inatrace/db/migrations/V2021_10_12_10_01__Update_Product_Company$1.class (filename: V2021_10_12_10_01__Update_Product_Company$1.class)
2025-03-19T05:11:41.505+01:00 DEBUG 3724 --- [main] o.f.core.internal.scanner.Scanner        : Filtering out resource: com/abelium/inatrace/db/migrations/V2023_04_17_11_00__Update_Product_Type_FieldName.class (filename: V2023_04_17_11_00__Update_Product_Type_FieldName.class)
2025-03-19T05:11:41.505+01:00 DEBUG 3724 --- [main] o.f.core.internal.scanner.Scanner        : Filtering out resource: com/abelium/inatrace/db/migrations/V2023_03_09_14_33__Update_Value_Chains_Add_Coffee_Product_Type.class (filename: V2023_03_09_14_33__Update_Value_Chains_Add_Coffee_Product_Type.class)
2025-03-19T05:11:41.505+01:00 DEBUG 3724 --- [main] o.f.core.internal.scanner.Scanner        : Filtering out resource: com/abelium/inatrace/db/migrations/V2023_04_12_14_00__Update_Product_Type_Translations.class (filename: V2023_04_12_14_00__Update_Product_Type_Translations.class)
2025-03-19T05:11:41.505+01:00 DEBUG 3724 --- [main] o.f.core.internal.scanner.Scanner        : Filtering out resource: com/abelium/inatrace/db/migrations/V2023_05_24_12_11__Rename__Role__ADMIN__into__SYSTEM_ADMIN.class (filename: V2023_05_24_12_11__Rename__Role__ADMIN__into__SYSTEM_ADMIN.class)
2025-03-19T05:11:41.505+01:00 DEBUG 3724 --- [main] o.f.core.internal.scanner.Scanner        : Filtering out resource: com/abelium/inatrace/db/migrations/V2023_05_24_17_26__Rename__CompanyUserRole__USER__into__COMPANY_USER.class (filename: V2023_05_24_17_26__Rename__CompanyUserRole__USER__into__COMPANY_USER.class)
2025-03-19T05:11:41.505+01:00 DEBUG 3724 --- [main] o.f.core.internal.scanner.Scanner        : Filtering out resource: com/abelium/inatrace/db/migrations/V2021_08_11_11_41__Prefill_MeasureUnitTypes.class (filename: V2021_08_11_11_41__Prefill_MeasureUnitTypes.class)
2025-03-19T05:11:41.505+01:00 DEBUG 3724 --- [main] o.f.core.internal.scanner.Scanner        : Filtering out resource: com/abelium/inatrace/db/migrations/V2020_03_27_15_00__Prefill_Countries.class (filename: V2020_03_27_15_00__Prefill_Countries.class)
2025-03-19T05:11:41.505+01:00 DEBUG 3724 --- [main] o.f.core.internal.scanner.Scanner        : Filtering out resource: com/abelium/inatrace/db/migrations/V2021_10_24_17_22__Update_Semi_Product_Translations.class (filename: V2021_10_24_17_22__Update_Semi_Product_Translations.class)
2025-03-19T05:11:41.505+01:00 DEBUG 3724 --- [main] o.f.core.internal.scanner.Scanner        : Filtering out resource: com/abelium/inatrace/db/migrations/V2022_08_30_11_00__Update_Business_To_Customer_Settings_Add_Prod_Title_Color.class (filename: V2022_08_30_11_00__Update_Business_To_Customer_Settings_Add_Prod_Title_Color.class)
2025-03-19T05:11:41.505+01:00 DEBUG 3724 --- [main] o.f.core.internal.scanner.Scanner        : Filtering out resource: com/abelium/inatrace/db/migrations/V2022_05_05_09_15__Update_Business_To_Customer_Settings_Defaults.class (filename: V2022_05_05_09_15__Update_Business_To_Customer_Settings_Defaults.class)
2025-03-19T05:11:41.505+01:00 DEBUG 3724 --- [main] o.f.core.internal.scanner.Scanner        : Filtering out resource: com/abelium/inatrace/db/migrations/V2023_05_24_17_09__Rename__CompanyUserRole__ADMIN__into__COMPANY_ADMIN.class (filename: V2023_05_24_17_09__Rename__CompanyUserRole__ADMIN__into__COMPANY_ADMIN.class)
2025-03-19T05:11:41.505+01:00 DEBUG 3724 --- [main] o.f.core.internal.scanner.Scanner        : Filtering out resource: com/abelium/inatrace/db/migrations/V2021_11_02_13_31__Update_Processing_Evidence_Type_Translations.class (filename: V2021_11_02_13_31__Update_Processing_Evidence_Type_Translations.class)
2025-03-19T05:11:41.505+01:00 DEBUG 3724 --- [main] o.f.core.internal.scanner.Scanner        : Filtering out resource: com/abelium/inatrace/db/migrations/V2022_05_03_15_54__Update_Business_To_Customer_Settings.class (filename: V2022_05_03_15_54__Update_Business_To_Customer_Settings.class)
2025-03-19T05:11:41.505+01:00 DEBUG 3724 --- [main] o.f.core.internal.scanner.Scanner        : Filtering out resource: com/abelium/inatrace/db/migrations/V2021_10_21_14_33__Update_Facility_Translations.class (filename: V2021_10_21_14_33__Update_Facility_Translations.class)
2025-03-19T05:11:41.505+01:00 DEBUG 3724 --- [main] o.f.core.internal.scanner.Scanner        : Filtering out resource: com/abelium/inatrace/db/migrations/V2020_10_06_19_30__Update_Label_Content.class (filename: V2020_10_06_19_30__Update_Label_Content.class)
2025-03-19T05:11:41.505+01:00 DEBUG 3724 --- [main] o.f.core.internal.scanner.Scanner        : Filtering out resource: com/abelium/inatrace/db/migrations/V2021_11_02_10_07__Update_Processing_Evidence_Field_Translations.class (filename: V2021_11_02_10_07__Update_Processing_Evidence_Field_Translations.class)
2025-03-19T05:11:41.505+01:00 DEBUG 3724 --- [main] o.f.core.internal.scanner.Scanner        : Filtering out resource: com/abelium/inatrace/db/migrations/V2022_05_17_08_51__Update_Business_To_Customer_Settings_Graphics_Defaults.class (filename: V2022_05_17_08_51__Update_Business_To_Customer_Settings_Graphics_Defaults.class)
2025-03-19T05:11:41.505+01:00 DEBUG 3724 --- [main] o.f.core.internal.scanner.Scanner        : Filtering out resource: com/abelium/inatrace/db/migrations/V2023_05_16_10_34__Migrate_repackedOutput_to_ProcActionOSM.class (filename: V2023_05_16_10_34__Migrate_repackedOutput_to_ProcActionOSM.class)
2025-03-19T05:11:41.511+01:00 DEBUG 3724 --- [main] o.f.core.internal.scanner.Scanner        : Filtering out resource: com/abelium/inatrace/db/migrations/V2021_10_12_10_01__Update_Product_Company.class (filename: V2021_10_12_10_01__Update_Product_Company.class)
2025-03-19T05:11:41.511+01:00 DEBUG 3724 --- [main] o.f.core.internal.scanner.Scanner        : Filtering out resource: com/abelium/inatrace/db/migrations/V2021_08_11_11_33__Prefill_FacilityTypes.class (filename: V2021_08_11_11_33__Prefill_FacilityTypes.class)
2025-03-19T05:11:41.512+01:00 DEBUG 3724 --- [main] o.f.core.internal.scanner.Scanner        : Filtering out resource: com/abelium/inatrace/db/migrations/V2020_11_26_12_30__Update_Company_User_Role.class (filename: V2020_11_26_12_30__Update_Company_User_Role.class)
2025-03-19T05:11:41.512+01:00 DEBUG 3724 --- [main] o.f.core.internal.scanner.Scanner        : Filtering out resource: com/abelium/inatrace/db/migrations/V2021_10_12_10_01__Update_Product_Company$1.class (filename: V2021_10_12_10_01__Update_Product_Company$1.class)
2025-03-19T05:11:41.512+01:00 DEBUG 3724 --- [main] o.f.core.internal.scanner.Scanner        : Filtering out resource: com/abelium/inatrace/db/migrations/V2023_04_17_11_00__Update_Product_Type_FieldName.class (filename: V2023_04_17_11_00__Update_Product_Type_FieldName.class)
2025-03-19T05:11:41.512+01:00 DEBUG 3724 --- [main] o.f.core.internal.scanner.Scanner        : Filtering out resource: com/abelium/inatrace/db/migrations/V2023_03_09_14_33__Update_Value_Chains_Add_Coffee_Product_Type.class (filename: V2023_03_09_14_33__Update_Value_Chains_Add_Coffee_Product_Type.class)
2025-03-19T05:11:41.512+01:00 DEBUG 3724 --- [main] o.f.core.internal.scanner.Scanner        : Filtering out resource: com/abelium/inatrace/db/migrations/V2023_04_12_14_00__Update_Product_Type_Translations.class (filename: V2023_04_12_14_00__Update_Product_Type_Translations.class)
2025-03-19T05:11:41.512+01:00 DEBUG 3724 --- [main] o.f.core.internal.scanner.Scanner        : Filtering out resource: com/abelium/inatrace/db/migrations/V2023_05_24_12_11__Rename__Role__ADMIN__into__SYSTEM_ADMIN.class (filename: V2023_05_24_12_11__Rename__Role__ADMIN__into__SYSTEM_ADMIN.class)
2025-03-19T05:11:41.512+01:00 DEBUG 3724 --- [main] o.f.core.internal.scanner.Scanner        : Filtering out resource: com/abelium/inatrace/db/migrations/V2023_05_24_17_26__Rename__CompanyUserRole__USER__into__COMPANY_USER.class (filename: V2023_05_24_17_26__Rename__CompanyUserRole__USER__into__COMPANY_USER.class)
2025-03-19T05:11:41.512+01:00 DEBUG 3724 --- [main] o.f.core.internal.scanner.Scanner        : Filtering out resource: com/abelium/inatrace/db/migrations/V2021_08_11_11_41__Prefill_MeasureUnitTypes.class (filename: V2021_08_11_11_41__Prefill_MeasureUnitTypes.class)
2025-03-19T05:11:41.512+01:00 DEBUG 3724 --- [main] o.f.core.internal.scanner.Scanner        : Filtering out resource: com/abelium/inatrace/db/migrations/V2020_03_27_15_00__Prefill_Countries.class (filename: V2020_03_27_15_00__Prefill_Countries.class)
2025-03-19T05:11:41.512+01:00 DEBUG 3724 --- [main] o.f.core.internal.scanner.Scanner        : Filtering out resource: com/abelium/inatrace/db/migrations/V2021_10_24_17_22__Update_Semi_Product_Translations.class (filename: V2021_10_24_17_22__Update_Semi_Product_Translations.class)
2025-03-19T05:11:41.512+01:00 DEBUG 3724 --- [main] o.f.core.internal.scanner.Scanner        : Filtering out resource: com/abelium/inatrace/db/migrations/V2022_08_30_11_00__Update_Business_To_Customer_Settings_Add_Prod_Title_Color.class (filename: V2022_08_30_11_00__Update_Business_To_Customer_Settings_Add_Prod_Title_Color.class)
2025-03-19T05:11:41.512+01:00 DEBUG 3724 --- [main] o.f.core.internal.scanner.Scanner        : Filtering out resource: com/abelium/inatrace/db/migrations/V2022_05_05_09_15__Update_Business_To_Customer_Settings_Defaults.class (filename: V2022_05_05_09_15__Update_Business_To_Customer_Settings_Defaults.class)
2025-03-19T05:11:41.512+01:00 DEBUG 3724 --- [main] o.f.core.internal.scanner.Scanner        : Filtering out resource: com/abelium/inatrace/db/migrations/V2023_05_24_17_09__Rename__CompanyUserRole__ADMIN__into__COMPANY_ADMIN.class (filename: V2023_05_24_17_09__Rename__CompanyUserRole__ADMIN__into__COMPANY_ADMIN.class)
2025-03-19T05:11:41.512+01:00 DEBUG 3724 --- [main] o.f.core.internal.scanner.Scanner        : Filtering out resource: com/abelium/inatrace/db/migrations/V2021_11_02_13_31__Update_Processing_Evidence_Type_Translations.class (filename: V2021_11_02_13_31__Update_Processing_Evidence_Type_Translations.class)
2025-03-19T05:11:41.512+01:00 DEBUG 3724 --- [main] o.f.core.internal.scanner.Scanner        : Filtering out resource: com/abelium/inatrace/db/migrations/V2022_05_03_15_54__Update_Business_To_Customer_Settings.class (filename: V2022_05_03_15_54__Update_Business_To_Customer_Settings.class)
2025-03-19T05:11:41.513+01:00 DEBUG 3724 --- [main] o.f.core.internal.scanner.Scanner        : Filtering out resource: com/abelium/inatrace/db/migrations/V2021_10_21_14_33__Update_Facility_Translations.class (filename: V2021_10_21_14_33__Update_Facility_Translations.class)
2025-03-19T05:11:41.513+01:00 DEBUG 3724 --- [main] o.f.core.internal.scanner.Scanner        : Filtering out resource: com/abelium/inatrace/db/migrations/V2020_10_06_19_30__Update_Label_Content.class (filename: V2020_10_06_19_30__Update_Label_Content.class)
2025-03-19T05:11:41.513+01:00 DEBUG 3724 --- [main] o.f.core.internal.scanner.Scanner        : Filtering out resource: com/abelium/inatrace/db/migrations/V2021_11_02_10_07__Update_Processing_Evidence_Field_Translations.class (filename: V2021_11_02_10_07__Update_Processing_Evidence_Field_Translations.class)
2025-03-19T05:11:41.513+01:00 DEBUG 3724 --- [main] o.f.core.internal.scanner.Scanner        : Filtering out resource: com/abelium/inatrace/db/migrations/V2022_05_17_08_51__Update_Business_To_Customer_Settings_Graphics_Defaults.class (filename: V2022_05_17_08_51__Update_Business_To_Customer_Settings_Graphics_Defaults.class)
2025-03-19T05:11:41.513+01:00 DEBUG 3724 --- [main] o.f.core.internal.scanner.Scanner        : Filtering out resource: com/abelium/inatrace/db/migrations/V2023_05_16_10_34__Migrate_repackedOutput_to_ProcActionOSM.class (filename: V2023_05_16_10_34__Migrate_repackedOutput_to_ProcActionOSM.class)
2025-03-19T05:11:41.513+01:00 DEBUG 3724 --- [main] o.f.core.internal.scanner.Scanner        : Filtering out resource: db/migrations/V2025_02_27_10_00__Alter_User_translation.sql (filename: V2025_02_27_10_00__Alter_User_translation.sql)
2025-03-19T05:11:41.513+01:00 DEBUG 3724 --- [main] o.f.core.internal.scanner.Scanner        : Filtering out resource: com/abelium/inatrace/db/migrations/V2021_10_12_10_01__Update_Product_Company.class (filename: V2021_10_12_10_01__Update_Product_Company.class)
2025-03-19T05:11:41.513+01:00 DEBUG 3724 --- [main] o.f.core.internal.scanner.Scanner        : Filtering out resource: com/abelium/inatrace/db/migrations/V2021_08_11_11_33__Prefill_FacilityTypes.class (filename: V2021_08_11_11_33__Prefill_FacilityTypes.class)
2025-03-19T05:11:41.514+01:00 DEBUG 3724 --- [main] o.f.core.internal.scanner.Scanner        : Filtering out resource: com/abelium/inatrace/db/migrations/V2020_11_26_12_30__Update_Company_User_Role.class (filename: V2020_11_26_12_30__Update_Company_User_Role.class)
2025-03-19T05:11:41.514+01:00 DEBUG 3724 --- [main] o.f.core.internal.scanner.Scanner        : Filtering out resource: com/abelium/inatrace/db/migrations/V2021_10_12_10_01__Update_Product_Company$1.class (filename: V2021_10_12_10_01__Update_Product_Company$1.class)
2025-03-19T05:11:41.514+01:00 DEBUG 3724 --- [main] o.f.core.internal.scanner.Scanner        : Filtering out resource: com/abelium/inatrace/db/migrations/V2023_04_17_11_00__Update_Product_Type_FieldName.class (filename: V2023_04_17_11_00__Update_Product_Type_FieldName.class)
2025-03-19T05:11:41.514+01:00 DEBUG 3724 --- [main] o.f.core.internal.scanner.Scanner        : Filtering out resource: com/abelium/inatrace/db/migrations/V2023_03_09_14_33__Update_Value_Chains_Add_Coffee_Product_Type.class (filename: V2023_03_09_14_33__Update_Value_Chains_Add_Coffee_Product_Type.class)
2025-03-19T05:11:41.514+01:00 DEBUG 3724 --- [main] o.f.core.internal.scanner.Scanner        : Filtering out resource: com/abelium/inatrace/db/migrations/V2023_04_12_14_00__Update_Product_Type_Translations.class (filename: V2023_04_12_14_00__Update_Product_Type_Translations.class)
2025-03-19T05:11:41.514+01:00 DEBUG 3724 --- [main] o.f.core.internal.scanner.Scanner        : Filtering out resource: com/abelium/inatrace/db/migrations/V2023_05_24_12_11__Rename__Role__ADMIN__into__SYSTEM_ADMIN.class (filename: V2023_05_24_12_11__Rename__Role__ADMIN__into__SYSTEM_ADMIN.class)
2025-03-19T05:11:41.514+01:00 DEBUG 3724 --- [main] o.f.core.internal.scanner.Scanner        : Filtering out resource: com/abelium/inatrace/db/migrations/V2023_05_24_17_26__Rename__CompanyUserRole__USER__into__COMPANY_USER.class (filename: V2023_05_24_17_26__Rename__CompanyUserRole__USER__into__COMPANY_USER.class)
2025-03-19T05:11:41.514+01:00 DEBUG 3724 --- [main] o.f.core.internal.scanner.Scanner        : Filtering out resource: com/abelium/inatrace/db/migrations/V2021_08_11_11_41__Prefill_MeasureUnitTypes.class (filename: V2021_08_11_11_41__Prefill_MeasureUnitTypes.class)
2025-03-19T05:11:41.514+01:00 DEBUG 3724 --- [main] o.f.core.internal.scanner.Scanner        : Filtering out resource: com/abelium/inatrace/db/migrations/V2020_03_27_15_00__Prefill_Countries.class (filename: V2020_03_27_15_00__Prefill_Countries.class)
2025-03-19T05:11:41.514+01:00 DEBUG 3724 --- [main] o.f.core.internal.scanner.Scanner        : Filtering out resource: com/abelium/inatrace/db/migrations/V2021_10_24_17_22__Update_Semi_Product_Translations.class (filename: V2021_10_24_17_22__Update_Semi_Product_Translations.class)
2025-03-19T05:11:41.514+01:00 DEBUG 3724 --- [main] o.f.core.internal.scanner.Scanner        : Filtering out resource: com/abelium/inatrace/db/migrations/V2022_08_30_11_00__Update_Business_To_Customer_Settings_Add_Prod_Title_Color.class (filename: V2022_08_30_11_00__Update_Business_To_Customer_Settings_Add_Prod_Title_Color.class)
2025-03-19T05:11:41.514+01:00 DEBUG 3724 --- [main] o.f.core.internal.scanner.Scanner        : Filtering out resource: com/abelium/inatrace/db/migrations/V2022_05_05_09_15__Update_Business_To_Customer_Settings_Defaults.class (filename: V2022_05_05_09_15__Update_Business_To_Customer_Settings_Defaults.class)
2025-03-19T05:11:41.514+01:00 DEBUG 3724 --- [main] o.f.core.internal.scanner.Scanner        : Filtering out resource: com/abelium/inatrace/db/migrations/V2023_05_24_17_09__Rename__CompanyUserRole__ADMIN__into__COMPANY_ADMIN.class (filename: V2023_05_24_17_09__Rename__CompanyUserRole__ADMIN__into__COMPANY_ADMIN.class)
2025-03-19T05:11:41.514+01:00 DEBUG 3724 --- [main] o.f.core.internal.scanner.Scanner        : Filtering out resource: com/abelium/inatrace/db/migrations/V2021_11_02_13_31__Update_Processing_Evidence_Type_Translations.class (filename: V2021_11_02_13_31__Update_Processing_Evidence_Type_Translations.class)
2025-03-19T05:11:41.514+01:00 DEBUG 3724 --- [main] o.f.core.internal.scanner.Scanner        : Filtering out resource: com/abelium/inatrace/db/migrations/V2022_05_03_15_54__Update_Business_To_Customer_Settings.class (filename: V2022_05_03_15_54__Update_Business_To_Customer_Settings.class)
2025-03-19T05:11:41.514+01:00 DEBUG 3724 --- [main] o.f.core.internal.scanner.Scanner        : Filtering out resource: com/abelium/inatrace/db/migrations/V2021_10_21_14_33__Update_Facility_Translations.class (filename: V2021_10_21_14_33__Update_Facility_Translations.class)
2025-03-19T05:11:41.514+01:00 DEBUG 3724 --- [main] o.f.core.internal.scanner.Scanner        : Filtering out resource: com/abelium/inatrace/db/migrations/V2020_10_06_19_30__Update_Label_Content.class (filename: V2020_10_06_19_30__Update_Label_Content.class)
2025-03-19T05:11:41.514+01:00 DEBUG 3724 --- [main] o.f.core.internal.scanner.Scanner        : Filtering out resource: com/abelium/inatrace/db/migrations/V2021_11_02_10_07__Update_Processing_Evidence_Field_Translations.class (filename: V2021_11_02_10_07__Update_Processing_Evidence_Field_Translations.class)
2025-03-19T05:11:41.514+01:00 DEBUG 3724 --- [main] o.f.core.internal.scanner.Scanner        : Filtering out resource: com/abelium/inatrace/db/migrations/V2022_05_17_08_51__Update_Business_To_Customer_Settings_Graphics_Defaults.class (filename: V2022_05_17_08_51__Update_Business_To_Customer_Settings_Graphics_Defaults.class)
2025-03-19T05:11:41.514+01:00 DEBUG 3724 --- [main] o.f.core.internal.scanner.Scanner        : Filtering out resource: com/abelium/inatrace/db/migrations/V2023_05_16_10_34__Migrate_repackedOutput_to_ProcActionOSM.class (filename: V2023_05_16_10_34__Migrate_repackedOutput_to_ProcActionOSM.class)
2025-03-19T05:11:41.514+01:00 DEBUG 3724 --- [main] o.f.core.internal.scanner.Scanner        : Filtering out resource: db/migrations/V2025_02_27_10_00__Alter_User_translation.sql (filename: V2025_02_27_10_00__Alter_User_translation.sql)
2025-03-19T05:11:41.514+01:00 DEBUG 3724 --- [main] o.f.c.i.s.classpath.ClassPathScanner     : Scanning for classpath resources at 'classpath:db/migration' ...
2025-03-19T05:11:41.514+01:00 DEBUG 3724 --- [main] o.f.c.i.s.classpath.ClassPathScanner     : Determining location urls for classpath:db/migration using ClassLoader TomcatEmbeddedWebappClassLoader
  context: ROOT
  delegate: true
----------> Parent Classloader:
jdk.internal.loader.ClassLoaders$AppClassLoader@76ed5528
 ...
2025-03-19T05:11:41.515+01:00 DEBUG 3724 --- [main] o.f.c.i.s.classpath.ClassPathScanner     : Unable to resolve location classpath:db/migration.
2025-03-19T05:11:41.515+01:00 DEBUG 3724 --- [main] o.f.c.i.s.classpath.ClassPathScanner     : Scanning for classes at classpath:db/migration
2025-03-19T05:11:41.515+01:00 DEBUG 3724 --- [main] o.f.c.i.s.classpath.ClassPathScanner     : Scanning for classpath resources at 'classpath:db/migration' ...
2025-03-19T05:11:41.515+01:00 DEBUG 3724 --- [main] o.f.c.i.s.classpath.ClassPathScanner     : Determining location urls for classpath:db/migration using ClassLoader TomcatEmbeddedWebappClassLoader
  context: ROOT
  delegate: true
----------> Parent Classloader:
jdk.internal.loader.ClassLoaders$AppClassLoader@76ed5528
 ...
2025-03-19T05:11:41.515+01:00 DEBUG 3724 --- [main] o.f.c.i.s.classpath.ClassPathScanner     : Unable to resolve location classpath:db/migration.
2025-03-19T05:11:41.515+01:00 DEBUG 3724 --- [main] o.f.c.i.s.classpath.ClassPathScanner     : Scanning for classes at classpath:db/migration
2025-03-19T05:11:41.525+01:00  INFO 3724 --- [main] o.f.core.internal.command.DbMigrate      : Current version of schema `ccq_db`: 2025.02.27.10.00
2025-03-19T05:11:41.525+01:00  WARN 3724 --- [main] o.f.core.internal.command.DbMigrate      : outOfOrder mode is active. Migration of schema `ccq_db` may not be reproducible.
2025-03-19T05:11:41.527+01:00  INFO 3724 --- [main] o.f.core.internal.command.DbMigrate      : Schema `ccq_db` is up to date. No migration necessary.
2025-03-19T05:11:41.530+01:00 DEBUG 3724 --- [main] org.flywaydb.core.FlywayExecutor         : Memory usage: 97 of 192M
